#
# A fatal error has been detected by the Java Runtime Environment:
#
#  EXCEPTION_ACCESS_VIOLATION (0xc0000005) at pc=0x000007fed3ba7a16, pid=2008, tid=636
#
# JRE version: Java(TM) SE Runtime Environment (11.0.4+10) (build 11.0.4+10-LTS)
# Java VM: Java HotSpot(TM) 64-Bit Server VM (11.0.4+10-LTS, mixed mode, tiered, compressed oops, g1 gc, windows-amd64)
# Problematic frame:
# V  [jvm.dll+0x6c7a16]
#
# No core dump will be written. Minidumps are not enabled by default on client versions of Windows
#
# If you would like to submit a bug report, please visit:
#   http://bugreport.java.com/bugreport/crash.jsp
#

---------------  S U M M A R Y ------------

Command Line: -Dcom.sun.management.jmxremote -Dcom.sun.management.jmxremote.port=65224 -Dcom.sun.management.jmxremote.authenticate=false -Dcom.sun.management.jmxremote.ssl=false -Djava.rmi.server.hostname=localhost -Dspring.jmx.enabled=true -Dspring.application.admin.enabled=true -Xverify:none -XX:TieredStopAtLevel=1 -Dfile.encoding=UTF-8 com.example.cursomcsozinho.CursomcSozinhoApplication --spring.output.ansi.enabled=always

Host: Intel(R) Core(TM) i3-4005U CPU @ 1.70GHz, 4 cores, 3G,  Windows 7 , 64 bit Build 7601 (6.1.7601.24335)
Time: Tue Jan 14 02:11:28 2020 Hora oficial do Brasil elapsed time: 3 seconds (0d 0h 0m 3s)

---------------  T H R E A D  ---------------

Current thread (0x0000000061be2000):  WatcherThread [stack: 0x00000000634e0000,0x00000000635e0000] [id=636]

Stack: [0x00000000634e0000,0x00000000635e0000],  sp=0x00000000635df820,  free space=1022k
Native frames: (J=compiled Java code, j=interpreted, Vv=VM code, C=native code)
V  [jvm.dll+0x6c7a16]
V  [jvm.dll+0x71321d]
V  [jvm.dll+0x738bd9]
V  [jvm.dll+0x634c82]
C  [ucrtbase.DLL+0x1d885]
C  [kernel32.dll+0x159cd]
C  [ntdll.dll+0x5385d]


siginfo: EXCEPTION_ACCESS_VIOLATION (0xc0000005), reading address 0x0000000800000000


Register to memory mapping:

RIP=0x000007fed3ba7a16 jvm.dll
RAX=0x0000000800000000 is an unknown value
RBX=0x0 is NULL
RCX=0x0000000061bcf1f0 points into unknown readable memory: 58 35 db d3 fe 07 00 00
RDX=0x000000000000003e is an unknown value
RSP=0x00000000635df820 points into unknown readable memory: 00 20 be 61 00 00 00 00
RBP=0x0000000000000002 is an unknown value
RSI=0x0000000061bd4700 points into unknown readable memory: 00 00 00 00 08 00 00 00
RDI=0x0000000000000001 is an unknown value
R8 =0x0 is NULL
R9 =0x000000000ab80b80 is at begin+0 in a stub
StubRoutines::atomic_cmpxchg_long [0x000000000ab80b80, 0x000000000ab80b89[ (9 bytes)
R10=0x0 is NULL
R11=0x0000000000000283 is an unknown value
R12=0x0 is NULL
R13=0x0000000061be2000 points into unknown readable memory: 58 7c db d3 fe 07 00 00
R14=0x000000000000003e is an unknown value
R15=0x0000000061b9f4b0 points into unknown readable memory: 00 00 00 00 00 00 00 00


Registers:
RAX=0x0000000800000000, RBX=0x0000000000000000, RCX=0x0000000061bcf1f0, RDX=0x000000000000003e
RSP=0x00000000635df820, RBP=0x0000000000000002, RSI=0x0000000061bd4700, RDI=0x0000000000000001
R8 =0x0000000000000000, R9 =0x000000000ab80b80, R10=0x0000000000000000, R11=0x0000000000000283
R12=0x0000000000000000, R13=0x0000000061be2000, R14=0x000000000000003e, R15=0x0000000061b9f4b0
RIP=0x000007fed3ba7a16, EFLAGS=0x0000000000010246

Top of Stack: (sp=0x00000000635df820)
0x00000000635df820:   0000000061be2000 0000000061be2000
0x00000000635df830:   0002fa752123fa6a 000007fed3ae87c9
0x00000000635df840:   000007fed3f53798 000007fed3bf321d
0x00000000635df850:   00000000003949c0 00000000003949c0
0x00000000635df860:   0000000061b9f4b0 431bde82d7b634db
0x00000000635df870:   0000000061b9f4b0 0002fa752123fa6a
0x00000000635df880:   00000000003949c0 000007fed3c18bd9
0x00000000635df890:   0000000000000001 000000000000003e
0x00000000635df8a0:   0000000000000032 0000000000000002
0x00000000635df8b0:   0000000000000000 0000000000000000
0x00000000635df8c0:   0000000000000000 0000000000000000
0x00000000635df8d0:   0000000000000000 0000000000000000
0x00000000635df8e0:   0000000000000000 0000000000000000
0x00000000635df8f0:   0000000000000000 0000000000000000
0x00000000635df900:   0000000000000000 00000000635dfb40
0x00000000635df910:   0000000061be2000 000007fed3b14c82 

Instructions: (pc=0x000007fed3ba7a16)
0x000007fed3ba79f6:   cc cc cc cc cc cc cc cc cc cc 48 89 5c 24 10 56
0x000007fed3ba7a06:   48 83 ec 20 48 8b 35 47 6c 3a 00 33 db 48 8b 06
0x000007fed3ba7a16:   39 18 7e 27 48 89 7c 24 30 8b fb 48 8b 40 18 48
0x000007fed3ba7a26:   8b 0c 07 48 8b 01 ff 50 08 48 8b 06 48 8d 7f 08 


Stack slot to memory mapping:
stack at sp + 0 slots: 0x0000000061be2000 points into unknown readable memory: 58 7c db d3 fe 07 00 00
stack at sp + 1 slots: 0x0000000061be2000 points into unknown readable memory: 58 7c db d3 fe 07 00 00
stack at sp + 2 slots: 0x0002fa752123fa6a is an unknown value
stack at sp + 3 slots: 0x000007fed3ae87c9 jvm.dll
stack at sp + 4 slots: 0x000007fed3f53798 jvm.dll
stack at sp + 5 slots: 0x000007fed3bf321d jvm.dll
stack at sp + 6 slots: 0x00000000003949c0 points into unknown readable memory: 01 00 00 00 00 00 00 00
stack at sp + 7 slots: 0x00000000003949c0 points into unknown readable memory: 01 00 00 00 00 00 00 00


---------------  P R O C E S S  ---------------

Threads class SMR info:
_java_thread_list=0x0000000061b96e10, length=14, elements={
0x0000000000397800, 0x000000005fbc4000, 0x000000005fbcd000, 0x000000005fbd4800,
0x000000005fbd7800, 0x000000005fbd8800, 0x000000005fbdd000, 0x00000000608c4000,
0x00000000608d1800, 0x00000000608d4000, 0x000000006090c000, 0x0000000061b92800,
0x0000000061b99800, 0x0000000061bd6000
}

Java Threads: ( => current thread )
  0x0000000000397800 JavaThread "main" [_thread_in_vm, id=3636, stack(0x00000000022f0000,0x00000000023f0000)]
  0x000000005fbc4000 JavaThread "Reference Handler" daemon [_thread_blocked, id=4552, stack(0x000000005fce0000,0x000000005fde0000)]
  0x000000005fbcd000 JavaThread "Finalizer" daemon [_thread_blocked, id=6868, stack(0x000000005ff70000,0x0000000060070000)]
  0x000000005fbd4800 JavaThread "Signal Dispatcher" daemon [_thread_blocked, id=6832, stack(0x0000000060220000,0x0000000060320000)]
  0x000000005fbd7800 JavaThread "Attach Listener" daemon [_thread_blocked, id=1744, stack(0x00000000600a0000,0x00000000601a0000)]
  0x000000005fbd8800 JavaThread "C1 CompilerThread0" daemon [_thread_blocked, id=6776, stack(0x0000000060490000,0x0000000060590000)]
  0x000000005fbdd000 JavaThread "Sweeper thread" daemon [_thread_blocked, id=4640, stack(0x00000000606c0000,0x00000000607c0000)]
  0x00000000608c4000 JavaThread "Common-Cleaner" daemon [_thread_blocked, id=6000, stack(0x00000000605c0000,0x00000000606c0000)]
  0x00000000608d1800 JavaThread "C1 CompilerThread1" daemon [_thread_blocked, id=3860, stack(0x0000000060d00000,0x0000000060e00000)]
  0x00000000608d4000 JavaThread "C1 CompilerThread2" daemon [_thread_in_vm, id=3648, stack(0x0000000060ef0000,0x0000000060ff0000)]
  0x000000006090c000 JavaThread "Service Thread" daemon [_thread_blocked, id=3164, stack(0x0000000060380000,0x0000000060480000)]
  0x0000000061b92800 JavaThread "RMI TCP Accept-0" daemon [_thread_in_native, id=4044, stack(0x0000000063140000,0x0000000063240000)]
  0x0000000061b99800 JavaThread "RMI TCP Accept-65224" daemon [_thread_in_native, id=5596, stack(0x0000000062f80000,0x0000000063080000)]
  0x0000000061bd6000 JavaThread "RMI TCP Accept-0" daemon [_thread_in_native, id=6644, stack(0x0000000062ca0000,0x0000000062da0000)]

Other Threads:
  0x000000005fb80000 VMThread "VM Thread" [stack: 0x000000005fe60000,0x000000005ff60000] [id=4264]
=>0x0000000061be2000 WatcherThread [stack: 0x00000000634e0000,0x00000000635e0000] [id=636]
  0x00000000003ab000 GCTaskThread "GC Thread#0" [stack: 0x0000000019e20000,0x0000000019f20000] [id=3080]
  0x00000000617f8800 GCTaskThread "GC Thread#1" [stack: 0x0000000062940000,0x0000000062a40000] [id=6276]
  0x00000000003c9000 ConcurrentGCThread "G1 Main Marker" [stack: 0x000000001c840000,0x000000001c940000] [id=5168]
  0x00000000003ca800 ConcurrentGCThread "G1 Conc#0" [stack: 0x000000001ca60000,0x000000001cb60000] [id=7032]
  0x00000000003ff800 ConcurrentGCThread "G1 Refine#0" [stack: 0x000000001efb0000,0x000000001f0b0000] [id=6696]
  0x000000001eeba800 ConcurrentGCThread "G1 Young RemSet Sampling" [stack: 0x000000001f1c0000,0x000000001f2c0000] [id=4300]

Threads with active compile tasks:
C1 CompilerThread21073       1       java.util.jar.Manifest$FastInputStream::peek (38 bytes)

VM state:not at safepoint (normal execution)

VM Mutex/Monitor currently owned by a thread:  ([mutex/lock_event])
[0x00000000003949c0] PeriodicTask_lock - owner thread: 0x0000000061be2000

Heap address: 0x00000000c1600000, size: 1002 MB, Compressed Oops mode: 32-bit
Narrow klass base: 0x0000000000000000, Narrow klass shift: 0
Compressed class space size: 1073741824 Address: 0x000000001f2c0000

Heap:
 garbage-first heap   total 65536K, used 24436K [0x00000000c1600000, 0x0000000100000000)
  region size 1024K, 9 young (9216K), 1 survivors (1024K)
 Metaspace       used 12439K, capacity 12847K, committed 13056K, reserved 1060864K
  class space    used 1305K, capacity 1436K, committed 1536K, reserved 1048576K
Heap Regions: E=young(eden), S=young(survivor), O=old, HS=humongous(starts), HC=humongous(continues), CS=collection set, F=free, A=archive, TAMS=top-at-mark-start (previous, next)
|   0|0x00000000c1600000, 0x00000000c1700000, 0x00000000c1700000|100%|HS|  |TAMS 0x00000000c1600000, 0x00000000c1600000| Complete 
|   1|0x00000000c1700000, 0x00000000c1800000, 0x00000000c1800000|100%| O|  |TAMS 0x00000000c1700000, 0x00000000c1700000| Untracked 
|   2|0x00000000c1800000, 0x00000000c1900000, 0x00000000c1900000|100%| O|  |TAMS 0x00000000c1800000, 0x00000000c1800000| Untracked 
|   3|0x00000000c1900000, 0x00000000c1a00000, 0x00000000c1a00000|100%| O|  |TAMS 0x00000000c1900000, 0x00000000c1900000| Untracked 
|   4|0x00000000c1a00000, 0x00000000c1b00000, 0x00000000c1b00000|100%| O|  |TAMS 0x00000000c1a00000, 0x00000000c1a00000| Untracked 
|   5|0x00000000c1b00000, 0x00000000c1c00000, 0x00000000c1c00000|100%| O|  |TAMS 0x00000000c1b00000, 0x00000000c1b00000| Untracked 
|   6|0x00000000c1c00000, 0x00000000c1d00000, 0x00000000c1d00000|100%| O|  |TAMS 0x00000000c1c00000, 0x00000000c1c00000| Untracked 
|   7|0x00000000c1d00000, 0x00000000c1e00000, 0x00000000c1e00000|100%| O|  |TAMS 0x00000000c1d00000, 0x00000000c1d00000| Untracked 
|   8|0x00000000c1e00000, 0x00000000c1f00000, 0x00000000c1f00000|100%| O|  |TAMS 0x00000000c1e00000, 0x00000000c1e00000| Untracked 
|   9|0x00000000c1f00000, 0x00000000c2000000, 0x00000000c2000000|100%| O|  |TAMS 0x00000000c1f00000, 0x00000000c1f00000| Untracked 
|  10|0x00000000c2000000, 0x00000000c2100000, 0x00000000c2100000|100%| O|  |TAMS 0x00000000c2000000, 0x00000000c2000000| Untracked 
|  11|0x00000000c2100000, 0x00000000c2200000, 0x00000000c2200000|100%| O|  |TAMS 0x00000000c2100000, 0x00000000c2100000| Untracked 
|  12|0x00000000c2200000, 0x00000000c2300000, 0x00000000c2300000|100%| O|  |TAMS 0x00000000c2200000, 0x00000000c2200000| Untracked 
|  13|0x00000000c2300000, 0x00000000c2400000, 0x00000000c2400000|100%| O|  |TAMS 0x00000000c2300000, 0x00000000c2300000| Untracked 
|  14|0x00000000c2400000, 0x00000000c2500000, 0x00000000c2500000|100%| O|  |TAMS 0x00000000c2400000, 0x00000000c2400000| Untracked 
|  15|0x00000000c2500000, 0x00000000c25dd200, 0x00000000c2600000| 86%| O|  |TAMS 0x00000000c2500000, 0x00000000c2500000| Untracked 
|  16|0x00000000c2600000, 0x00000000c2600000, 0x00000000c2700000|  0%| F|  |TAMS 0x00000000c2600000, 0x00000000c2600000| Untracked 
|  17|0x00000000c2700000, 0x00000000c2700000, 0x00000000c2800000|  0%| F|  |TAMS 0x00000000c2700000, 0x00000000c2700000| Untracked 
|  18|0x00000000c2800000, 0x00000000c2800000, 0x00000000c2900000|  0%| F|  |TAMS 0x00000000c2800000, 0x00000000c2800000| Untracked 
|  19|0x00000000c2900000, 0x00000000c2900000, 0x00000000c2a00000|  0%| F|  |TAMS 0x00000000c2900000, 0x00000000c2900000| Untracked 
|  20|0x00000000c2a00000, 0x00000000c2a00000, 0x00000000c2b00000|  0%| F|  |TAMS 0x00000000c2a00000, 0x00000000c2a00000| Untracked 
|  21|0x00000000c2b00000, 0x00000000c2b00000, 0x00000000c2c00000|  0%| F|  |TAMS 0x00000000c2b00000, 0x00000000c2b00000| Untracked 
|  22|0x00000000c2c00000, 0x00000000c2c00000, 0x00000000c2d00000|  0%| F|  |TAMS 0x00000000c2c00000, 0x00000000c2c00000| Untracked 
|  23|0x00000000c2d00000, 0x00000000c2d00000, 0x00000000c2e00000|  0%| F|  |TAMS 0x00000000c2d00000, 0x00000000c2d00000| Untracked 
|  24|0x00000000c2e00000, 0x00000000c2e00000, 0x00000000c2f00000|  0%| F|  |TAMS 0x00000000c2e00000, 0x00000000c2e00000| Untracked 
|  25|0x00000000c2f00000, 0x00000000c2f00000, 0x00000000c3000000|  0%| F|  |TAMS 0x00000000c2f00000, 0x00000000c2f00000| Untracked 
|  26|0x00000000c3000000, 0x00000000c3000000, 0x00000000c3100000|  0%| F|  |TAMS 0x00000000c3000000, 0x00000000c3000000| Untracked 
|  27|0x00000000c3100000, 0x00000000c3100000, 0x00000000c3200000|  0%| F|  |TAMS 0x00000000c3100000, 0x00000000c3100000| Untracked 
|  28|0x00000000c3200000, 0x00000000c3200000, 0x00000000c3300000|  0%| F|  |TAMS 0x00000000c3200000, 0x00000000c3200000| Untracked 
|  29|0x00000000c3300000, 0x00000000c3300000, 0x00000000c3400000|  0%| F|  |TAMS 0x00000000c3300000, 0x00000000c3300000| Untracked 
|  30|0x00000000c3400000, 0x00000000c3400000, 0x00000000c3500000|  0%| F|  |TAMS 0x00000000c3400000, 0x00000000c3400000| Untracked 
|  31|0x00000000c3500000, 0x00000000c3500000, 0x00000000c3600000|  0%| F|  |TAMS 0x00000000c3500000, 0x00000000c3500000| Untracked 
|  32|0x00000000c3600000, 0x00000000c3600000, 0x00000000c3700000|  0%| F|  |TAMS 0x00000000c3600000, 0x00000000c3600000| Untracked 
|  33|0x00000000c3700000, 0x00000000c3700000, 0x00000000c3800000|  0%| F|  |TAMS 0x00000000c3700000, 0x00000000c3700000| Untracked 
|  34|0x00000000c3800000, 0x00000000c3800000, 0x00000000c3900000|  0%| F|  |TAMS 0x00000000c3800000, 0x00000000c3800000| Untracked 
|  35|0x00000000c3900000, 0x00000000c3900000, 0x00000000c3a00000|  0%| F|  |TAMS 0x00000000c3900000, 0x00000000c3900000| Untracked 
|  36|0x00000000c3a00000, 0x00000000c3a00000, 0x00000000c3b00000|  0%| F|  |TAMS 0x00000000c3a00000, 0x00000000c3a00000| Untracked 
|  37|0x00000000c3b00000, 0x00000000c3b00000, 0x00000000c3c00000|  0%| F|  |TAMS 0x00000000c3b00000, 0x00000000c3b00000| Untracked 
|  38|0x00000000c3c00000, 0x00000000c3c00000, 0x00000000c3d00000|  0%| F|  |TAMS 0x00000000c3c00000, 0x00000000c3c00000| Untracked 
|  39|0x00000000c3d00000, 0x00000000c3d00000, 0x00000000c3e00000|  0%| F|  |TAMS 0x00000000c3d00000, 0x00000000c3d00000| Untracked 
|  40|0x00000000c3e00000, 0x00000000c3e00000, 0x00000000c3f00000|  0%| F|  |TAMS 0x00000000c3e00000, 0x00000000c3e00000| Untracked 
|  41|0x00000000c3f00000, 0x00000000c3f00000, 0x00000000c4000000|  0%| F|  |TAMS 0x00000000c3f00000, 0x00000000c3f00000| Untracked 
|  42|0x00000000c4000000, 0x00000000c4000000, 0x00000000c4100000|  0%| F|  |TAMS 0x00000000c4000000, 0x00000000c4000000| Untracked 
|  43|0x00000000c4100000, 0x00000000c4100000, 0x00000000c4200000|  0%| F|  |TAMS 0x00000000c4100000, 0x00000000c4100000| Untracked 
|  44|0x00000000c4200000, 0x00000000c4200000, 0x00000000c4300000|  0%| F|  |TAMS 0x00000000c4200000, 0x00000000c4200000| Untracked 
|  45|0x00000000c4300000, 0x00000000c4300000, 0x00000000c4400000|  0%| F|  |TAMS 0x00000000c4300000, 0x00000000c4300000| Untracked 
|  46|0x00000000c4400000, 0x00000000c4400000, 0x00000000c4500000|  0%| F|  |TAMS 0x00000000c4400000, 0x00000000c4400000| Untracked 
|  47|0x00000000c4500000, 0x00000000c4500000, 0x00000000c4600000|  0%| F|  |TAMS 0x00000000c4500000, 0x00000000c4500000| Untracked 
|  48|0x00000000c4600000, 0x00000000c4600000, 0x00000000c4700000|  0%| F|  |TAMS 0x00000000c4600000, 0x00000000c4600000| Untracked 
|  49|0x00000000c4700000, 0x00000000c4700000, 0x00000000c4800000|  0%| F|  |TAMS 0x00000000c4700000, 0x00000000c4700000| Untracked 
|  50|0x00000000c4800000, 0x00000000c4800000, 0x00000000c4900000|  0%| F|  |TAMS 0x00000000c4800000, 0x00000000c4800000| Untracked 
|  51|0x00000000c4900000, 0x00000000c4900000, 0x00000000c4a00000|  0%| F|  |TAMS 0x00000000c4900000, 0x00000000c4900000| Untracked 
|  52|0x00000000c4a00000, 0x00000000c4a00000, 0x00000000c4b00000|  0%| F|  |TAMS 0x00000000c4a00000, 0x00000000c4a00000| Untracked 
|  53|0x00000000c4b00000, 0x00000000c4b00000, 0x00000000c4c00000|  0%| F|  |TAMS 0x00000000c4b00000, 0x00000000c4b00000| Untracked 
|  54|0x00000000c4c00000, 0x00000000c4c00000, 0x00000000c4d00000|  0%| F|  |TAMS 0x00000000c4c00000, 0x00000000c4c00000| Untracked 
|  55|0x00000000c4d00000, 0x00000000c4d795f8, 0x00000000c4e00000| 47%| E|  |TAMS 0x00000000c4d00000, 0x00000000c4d00000| Complete 
|  56|0x00000000c4e00000, 0x00000000c4f00000, 0x00000000c4f00000|100%| E|CS|TAMS 0x00000000c4e00000, 0x00000000c4e00000| Complete 
|  57|0x00000000c4f00000, 0x00000000c5000000, 0x00000000c5000000|100%| S|CS|TAMS 0x00000000c4f00000, 0x00000000c4f00000| Complete 
|  58|0x00000000c5000000, 0x00000000c5100000, 0x00000000c5100000|100%| E|CS|TAMS 0x00000000c5000000, 0x00000000c5000000| Complete 
|  59|0x00000000c5100000, 0x00000000c5200000, 0x00000000c5200000|100%| E|CS|TAMS 0x00000000c5100000, 0x00000000c5100000| Complete 
|  60|0x00000000c5200000, 0x00000000c5300000, 0x00000000c5300000|100%| E|CS|TAMS 0x00000000c5200000, 0x00000000c5200000| Complete 
|  61|0x00000000c5300000, 0x00000000c5400000, 0x00000000c5400000|100%| E|CS|TAMS 0x00000000c5300000, 0x00000000c5300000| Complete 
|  62|0x00000000c5400000, 0x00000000c5500000, 0x00000000c5500000|100%| E|CS|TAMS 0x00000000c5400000, 0x00000000c5400000| Complete 
|  63|0x00000000c5500000, 0x00000000c5600000, 0x00000000c5600000|100%| E|CS|TAMS 0x00000000c5500000, 0x00000000c5500000| Complete 

Card table byte_map: [0x000000001a450000,0x000000001a650000] _byte_map_base: 0x0000000019e45000

Marking Bits (Prev, Next): (CMBitMap*) 0x00000000003c4708, (CMBitMap*) 0x00000000003c4740
 Prev Bits: [0x000000001a850000, 0x000000001b7f8000)
 Next Bits: [0x000000001b800000, 0x000000001c7a8000)

Polling page: 0x0000000000120000

Metaspace:

Usage:
  Non-class:     11.14 MB capacity,    10.90 MB ( 98%) used,   214.48 KB (  2%) free+waste,    29.94 KB ( <1%) overhead. 
      Class:      1.40 MB capacity,     1.28 MB ( 91%) used,   113.02 KB (  8%) free+waste,    14.88 KB (  1%) overhead. 
       Both:     12.55 MB capacity,    12.18 MB ( 97%) used,   327.50 KB (  3%) free+waste,    44.81 KB ( <1%) overhead. 

Virtual space:
  Non-class space:       12.00 MB reserved,      11.25 MB ( 94%) committed 
      Class space:        1.00 GB reserved,       1.50 MB ( <1%) committed 
             Both:        1.01 GB reserved,      12.75 MB (  1%) committed 

Chunk freelists:
   Non-Class:  5.63 KB
       Class:  512 bytes
        Both:  6.13 KB

CodeHeap 'non-profiled nmethods': size=238912Kb used=1522Kb max_used=1522Kb free=237389Kb
 bounds [0x000000000b230000, 0x000000000b4a0000, 0x0000000019b80000]
CodeHeap 'non-nmethods': size=6848Kb used=2221Kb max_used=2221Kb free=4627Kb
 bounds [0x000000000ab80000, 0x000000000adf0000, 0x000000000b230000]
 total_blobs=1520 nmethods=1103 adapters=326
 compilation: enabled
              stopped_count=0, restarted_count=0
 full_count=0

Compilation events (10 events):
Event: 3.074 Thread 0x000000005fbd8800 1083   !   1       java.nio.DirectIntBufferU::get (29 bytes)
Event: 3.075 Thread 0x000000005fbd8800 nmethod 1083 0x000000000b3a1290 code [0x000000000b3a1440, 0x000000000b3a15b8]
Event: 3.075 Thread 0x000000005fbd8800 1084       1       java.nio.DirectIntBufferU::ix (10 bytes)
Event: 3.075 Thread 0x000000005fbd8800 nmethod 1084 0x000000000b3a1710 code [0x000000000b3a18c0, 0x000000000b3a19f8]
Event: 3.075 Thread 0x000000005fbd8800 1082       1       java.nio.ByteOrder::nativeOrder (4 bytes)
Event: 3.075 Thread 0x000000005fbd8800 nmethod 1082 0x000000000b3a1a90 code [0x000000000b3a1c40, 0x000000000b3a1d38]
Event: 3.075 Thread 0x000000005fbd8800 1085       1       java.nio.ByteBuffer::<init> (45 bytes)
Event: 3.076 Thread 0x000000005fbd8800 nmethod 1085 0x000000000b3a1d90 code [0x000000000b3a1f40, 0x000000000b3a20f0]
Event: 3.076 Thread 0x000000005fbd8800 1086       1       java.nio.MappedByteBuffer::<init> (15 bytes)
Event: 3.076 Thread 0x000000005fbd8800 nmethod 1086 0x000000000b3a2190 code [0x000000000b3a2340, 0x000000000b3a24d0]

GC Heap History (4 events):
Event: 0.646 GC heap before
{Heap before GC invocations=0 (full 0):
 garbage-first heap   total 65536K, used 14336K [0x00000000c1600000, 0x0000000100000000)
  region size 1024K, 14 young (14336K), 0 survivors (0K)
 Metaspace       used 6155K, capacity 6238K, committed 6528K, reserved 1056768K
  class space    used 546K, capacity 567K, committed 640K, reserved 1048576K
}
Event: 0.654 GC heap after
{Heap after GC invocations=1 (full 0):
 garbage-first heap   total 65536K, used 11852K [0x00000000c1600000, 0x0000000100000000)
  region size 1024K, 2 young (2048K), 2 survivors (2048K)
 Metaspace       used 6155K, capacity 6238K, committed 6528K, reserved 1056768K
  class space    used 546K, capacity 567K, committed 640K, reserved 1048576K
}
Event: 0.741 GC heap before
{Heap before GC invocations=1 (full 0):
 garbage-first heap   total 65536K, used 16972K [0x00000000c1600000, 0x0000000100000000)
  region size 1024K, 8 young (8192K), 2 survivors (2048K)
 Metaspace       used 7603K, capacity 7702K, committed 7936K, reserved 1056768K
  class space    used 698K, capacity 715K, committed 768K, reserved 1048576K
}
Event: 0.749 GC heap after
{Heap after GC invocations=2 (full 0):
 garbage-first heap   total 65536K, used 17268K [0x00000000c1600000, 0x0000000100000000)
  region size 1024K, 1 young (1024K), 1 survivors (1024K)
 Metaspace       used 7603K, capacity 7702K, committed 7936K, reserved 1056768K
  class space    used 698K, capacity 715K, committed 768K, reserved 1048576K
}

Deoptimization events (0 events):
No events

Classes redefined (0 events):
No events

Internal exceptions (10 events):
Event: 1.846 Thread 0x0000000000397800 Exception <a 'java/lang/NoSuchMethodError'{0x00000000c5268100}: java.lang.invoke.DirectMethodHandle$Holder.invokeSpecialIFC(Ljava/lang/Object;Ljava/lang/Object;Ljava/lang/Object;)I> (0x00000000c5268100) thrown at [t:/workspace/open/src/hotspot/share/inter
Event: 2.104 Thread 0x0000000000397800 Exception <a 'java/lang/NoSuchMethodError'{0x00000000c52d0d70}: java.lang.invoke.DirectMethodHandle$Holder.invokeStatic(Ljava/lang/Object;IIII)Ljava/lang/Object;> (0x00000000c52d0d70) thrown at [t:/workspace/open/src/hotspot/share/interpreter/linkResolver
Event: 2.105 Thread 0x0000000000397800 Exception <a 'java/lang/NoSuchMethodError'{0x00000000c52d3e88}: java.lang.invoke.DirectMethodHandle$Holder.invokeStaticInit(Ljava/lang/Object;IIII)Ljava/lang/Object;> (0x00000000c52d3e88) thrown at [t:/workspace/open/src/hotspot/share/interpreter/linkReso
Event: 2.311 Thread 0x0000000000397800 Exception <a 'java/lang/NoSuchMethodError'{0x00000000c5160f08}: java.lang.invoke.DirectMethodHandle$Holder.invokeStatic(Ljava/lang/Object;Ljava/lang/Object;IIII)Ljava/lang/Object;> (0x00000000c5160f08) thrown at [t:/workspace/open/src/hotspot/share/interp
Event: 2.312 Thread 0x0000000000397800 Exception <a 'java/lang/NoSuchMethodError'{0x00000000c5164250}: java.lang.invoke.DirectMethodHandle$Holder.invokeStaticInit(Ljava/lang/Object;Ljava/lang/Object;IIII)Ljava/lang/Object;> (0x00000000c5164250) thrown at [t:/workspace/open/src/hotspot/share/in
Event: 2.427 Thread 0x0000000000397800 Exception <a 'java/lang/ClassNotFoundException'{0x00000000c5181cb8}: javax/management/remote/rmi/RMIServerImpl_Skel> (0x00000000c5181cb8) thrown at [t:/workspace/open/src/hotspot/share/classfile/systemDictionary.cpp, line 231]
Event: 2.784 Thread 0x0000000000397800 Exception <a 'java/lang/ClassNotFoundException'{0x00000000c5022658}: jdk/internal/agent/resources/spi/agentProvider> (0x00000000c5022658) thrown at [t:/workspace/open/src/hotspot/share/classfile/systemDictionary.cpp, line 231]
Event: 2.826 Thread 0x0000000000397800 Exception <a 'java/lang/NoSuchMethodError'{0x00000000c50784c0}: java.lang.invoke.DirectMethodHandle$Holder.invokeStatic(Ljava/lang/Object;Ljava/lang/Object;Ljava/lang/Object;Ljava/lang/Object;Ljava/lang/Object;Ljava/lang/Object;Ljava/lang/Object;Ljava/lan
Event: 2.829 Thread 0x0000000000397800 Exception <a 'java/lang/NoSuchMethodError'{0x00000000c5084f50}: java.lang.invoke.DirectMethodHandle$Holder.invokeStatic(Ljava/lang/Object;Ljava/lang/Object;Ljava/lang/Object;Ljava/lang/Object;Ljava/lang/Object;Ljava/lang/Object;Ljava/lang/Object;Ljava/lan
Event: 2.833 Thread 0x0000000000397800 Exception <a 'java/lang/NoSuchMethodError'{0x00000000c509ea28}: java.lang.invoke.DelegatingMethodHandle$Holder.reinvoke_L(Ljava/lang/Object;ILjava/lang/Object;)Ljava/lang/Object;> (0x00000000c509ea28) thrown at [t:/workspace/open/src/hotspot/share/interpr

Events (10 events):
Event: 3.069 loading class org/slf4j/helpers/NOPLoggerFactory
Event: 3.069 loading class org/slf4j/helpers/NOPLoggerFactory done
Event: 3.071 loading class org/slf4j/helpers/Util
Event: 3.071 loading class org/slf4j/helpers/Util done
Event: 3.075 loading class org/slf4j/impl/StaticLoggerBinder
Event: 3.075 loading class org/slf4j/impl/StaticLoggerBinder done
Event: 3.098 loading class org/slf4j/spi/LoggerFactoryBinder
Event: 3.098 loading class org/slf4j/spi/LoggerFactoryBinder done
Event: 3.099 loading class ch/qos/logback/classic/LoggerContext
Event: 3.099 loading class ch/qos/logback/classic/LoggerContext done


Dynamic libraries:
0x000000013f360000 - 0x000000013f3a7000 	C:\Program Files\Java\jdk-11.0.4\bin\javaw.exe
0x0000000076d40000 - 0x0000000076edf000 	C:\Windows\SYSTEM32\ntdll.dll
0x0000000076b20000 - 0x0000000076c3f000 	C:\Windows\system32\kernel32.dll
0x000007fefce10000 - 0x000007fefce7a000 	C:\Windows\system32\KERNELBASE.dll
0x000007fefd9b0000 - 0x000007fefda8b000 	C:\Windows\system32\ADVAPI32.dll
0x000007fefef90000 - 0x000007feff02f000 	C:\Windows\system32\msvcrt.dll
0x000007fefef40000 - 0x000007fefef5f000 	C:\Windows\SYSTEM32\sechost.dll
0x000007fefd060000 - 0x000007fefd18d000 	C:\Windows\system32\RPCRT4.dll
0x0000000076c40000 - 0x0000000076d3a000 	C:\Windows\system32\USER32.dll
0x000007fefeca0000 - 0x000007fefed07000 	C:\Windows\system32\GDI32.dll
0x000007fefd190000 - 0x000007fefd19e000 	C:\Windows\system32\LPK.dll
0x000007fefcf90000 - 0x000007fefd05b000 	C:\Windows\system32\USP10.dll
0x000007fefb100000 - 0x000007fefb2f4000 	C:\Windows\WinSxS\amd64_microsoft.windows.common-controls_6595b64144ccf1df_6.0.7601.18837_none_fa3b1e3d17594757\COMCTL32.dll
0x000007fefd380000 - 0x000007fefd3f1000 	C:\Windows\system32\SHLWAPI.dll
0x000007fefbbc0000 - 0x000007fefbbcc000 	C:\Windows\system32\VERSION.dll
0x000007fefef60000 - 0x000007fefef8e000 	C:\Windows\system32\IMM32.DLL
0x000007fefde00000 - 0x000007fefdf09000 	C:\Windows\system32\MSCTF.dll
0x000007fefbbb0000 - 0x000007fefbbb3000 	C:\Windows\system32\api-ms-win-core-synch-l1-2-0.DLL
0x000007feed680000 - 0x000007feed696000 	C:\Program Files\Java\jdk-11.0.4\bin\vcruntime140.dll
0x000007fef6e30000 - 0x000007fef6e34000 	C:\Program Files\Java\jdk-11.0.4\bin\api-ms-win-crt-runtime-l1-1-0.dll
0x000007fed7dc0000 - 0x000007fed7eb6000 	C:\Program Files\Java\jdk-11.0.4\bin\ucrtbase.DLL
0x000007fef6ee0000 - 0x000007fef6ee3000 	C:\Program Files\Java\jdk-11.0.4\bin\api-ms-win-core-localization-l1-2-0.dll
0x000007fef6e20000 - 0x000007fef6e23000 	C:\Program Files\Java\jdk-11.0.4\bin\api-ms-win-core-processthreads-l1-1-1.dll
0x000007fef6de0000 - 0x000007fef6de3000 	C:\Program Files\Java\jdk-11.0.4\bin\api-ms-win-core-file-l1-2-0.dll
0x000007feefc80000 - 0x000007feefc83000 	C:\Program Files\Java\jdk-11.0.4\bin\api-ms-win-core-timezone-l1-1-0.dll
0x000007fee8a30000 - 0x000007fee8a33000 	C:\Program Files\Java\jdk-11.0.4\bin\api-ms-win-core-file-l2-1-0.dll
0x000007fee8a40000 - 0x000007fee8a44000 	C:\Program Files\Java\jdk-11.0.4\bin\api-ms-win-crt-string-l1-1-0.dll
0x000007fee8a10000 - 0x000007fee8a13000 	C:\Program Files\Java\jdk-11.0.4\bin\api-ms-win-crt-heap-l1-1-0.dll
0x000007fee8a20000 - 0x000007fee8a24000 	C:\Program Files\Java\jdk-11.0.4\bin\api-ms-win-crt-stdio-l1-1-0.dll
0x000007fee8980000 - 0x000007fee8984000 	C:\Program Files\Java\jdk-11.0.4\bin\api-ms-win-crt-convert-l1-1-0.dll
0x000007fed96d0000 - 0x000007fed977a000 	C:\Program Files\Java\jdk-11.0.4\bin\msvcp140.dll
0x000007fee8990000 - 0x000007fee8993000 	C:\Program Files\Java\jdk-11.0.4\bin\api-ms-win-crt-locale-l1-1-0.dll
0x000007fee66c0000 - 0x000007fee66c5000 	C:\Program Files\Java\jdk-11.0.4\bin\api-ms-win-crt-math-l1-1-0.dll
0x000007fee8970000 - 0x000007fee8975000 	C:\Program Files\Java\jdk-11.0.4\bin\api-ms-win-crt-multibyte-l1-1-0.dll
0x000007fee66a0000 - 0x000007fee66a3000 	C:\Program Files\Java\jdk-11.0.4\bin\api-ms-win-crt-time-l1-1-0.dll
0x000007fee66b0000 - 0x000007fee66b3000 	C:\Program Files\Java\jdk-11.0.4\bin\api-ms-win-crt-filesystem-l1-1-0.dll
0x000007fee6510000 - 0x000007fee6513000 	C:\Program Files\Java\jdk-11.0.4\bin\api-ms-win-crt-environment-l1-1-0.dll
0x000007fee6620000 - 0x000007fee6623000 	C:\Program Files\Java\jdk-11.0.4\bin\api-ms-win-crt-utility-l1-1-0.dll
0x000007fed34e0000 - 0x000007fed4007000 	C:\Program Files\Java\jdk-11.0.4\bin\server\jvm.dll
0x000007fefa6a0000 - 0x000007fefa6a9000 	C:\Windows\system32\WSOCK32.dll
0x000007fefcf40000 - 0x000007fefcf8d000 	C:\Windows\system32\WS2_32.dll
0x000007fefd460000 - 0x000007fefd468000 	C:\Windows\system32\NSI.dll
0x000007fefa370000 - 0x000007fefa3ab000 	C:\Windows\system32\WINMM.dll
0x0000000076ee0000 - 0x0000000076ee7000 	C:\Windows\system32\PSAPI.DLL
0x000007fee62f0000 - 0x000007fee6301000 	C:\Program Files\Java\jdk-11.0.4\bin\verify.dll
0x000007fefba80000 - 0x000007fefbba5000 	C:\Windows\system32\DBGHELP.DLL
0x000007fee61b0000 - 0x000007fee61d9000 	C:\Program Files\Java\jdk-11.0.4\bin\java.dll
0x000007fee6440000 - 0x000007fee6456000 	C:\Program Files\Java\jdk-11.0.4\bin\zip.dll
0x000007fee62e0000 - 0x000007fee62ea000 	C:\Program Files\Java\jdk-11.0.4\bin\jimage.dll
0x000007fefdf10000 - 0x000007fefec9a000 	C:\Windows\system32\SHELL32.dll
0x000007fefd7b0000 - 0x000007fefd9af000 	C:\Windows\system32\ole32.dll
0x000007fefcaf0000 - 0x000007fefcaff000 	C:\Windows\system32\profapi.dll
0x000007fee6170000 - 0x000007fee6189000 	C:\Program Files\Java\jdk-11.0.4\bin\net.dll
0x000007fef8d30000 - 0x000007fef8da1000 	C:\Windows\system32\WINHTTP.dll
0x000007fef8cc0000 - 0x000007fef8d25000 	C:\Windows\system32\webio.dll
0x000007fefed10000 - 0x000007fefee95000 	C:\Windows\system32\urlmon.dll
0x000007fefce90000 - 0x000007fefce94000 	C:\Windows\system32\api-ms-win-downlevel-ole32-l1-1-0.dll
0x000007fefce00000 - 0x000007fefce04000 	C:\Windows\system32\api-ms-win-downlevel-shlwapi-l1-1-0.dll
0x000007fefcb80000 - 0x000007fefcb85000 	C:\Windows\system32\api-ms-win-downlevel-advapi32-l1-1-0.dll
0x000007fefce80000 - 0x000007fefce84000 	C:\Windows\system32\api-ms-win-downlevel-user32-l1-1-0.dll
0x000007fefcb00000 - 0x000007fefcb04000 	C:\Windows\system32\api-ms-win-downlevel-version-l1-1-0.dll
0x000007fefcb50000 - 0x000007fefcb53000 	C:\Windows\system32\api-ms-win-downlevel-normaliz-l1-1-0.dll
0x0000000076ef0000 - 0x0000000076ef3000 	C:\Windows\system32\normaliz.DLL
0x000007fefda90000 - 0x000007fefdd57000 	C:\Windows\system32\iertutil.dll
0x000007fefd550000 - 0x000007fefd7aa000 	C:\Windows\system32\WININET.dll
0x000007fefcb90000 - 0x000007fefcbae000 	C:\Windows\system32\USERENV.dll
0x000007fefc260000 - 0x000007fefc2b5000 	C:\Windows\system32\mswsock.dll
0x000007fefc250000 - 0x000007fefc257000 	C:\Windows\System32\wship6.dll
0x000007fee6190000 - 0x000007fee61a3000 	C:\Program Files\Java\jdk-11.0.4\bin\nio.dll
0x000007fee60d0000 - 0x000007fee60d9000 	C:\Program Files\Java\jdk-11.0.4\bin\management.dll
0x000007fee6160000 - 0x000007fee616c000 	C:\Program Files\Java\jdk-11.0.4\bin\management_ext.dll
0x000007fefaa90000 - 0x000007fefaaa5000 	C:\Windows\system32\NLAapi.dll
0x000007fefb4b0000 - 0x000007fefb4c5000 	C:\Windows\system32\napinsp.dll
0x000007fefad70000 - 0x000007fefad89000 	C:\Windows\system32\pnrpnsp.dll
0x000007fefc0a0000 - 0x000007fefc0fb000 	C:\Windows\system32\DNSAPI.dll
0x000007fefb9e0000 - 0x000007fefb9eb000 	C:\Windows\System32\winrnr.dll
0x000007fefb4a0000 - 0x000007fefb4b0000 	C:\Windows\system32\wshbth.dll
0x000007fefbc90000 - 0x000007fefbc97000 	C:\Windows\System32\wshtcpip.dll
0x000007fefa140000 - 0x000007fefa167000 	C:\Windows\system32\IPHLPAPI.DLL
0x000007fefa130000 - 0x000007fefa13b000 	C:\Windows\system32\WINNSI.DLL
0x000007fef8390000 - 0x000007fef8398000 	C:\Windows\system32\rasadhlp.dll
0x000007fefa080000 - 0x000007fefa0d3000 	C:\Windows\System32\fwpuclnt.dll
0x000007fefc2c0000 - 0x000007fefc2d8000 	C:\Windows\system32\CRYPTSP.dll
0x000007fefbf80000 - 0x000007fefbfc7000 	C:\Windows\system32\rsaenh.dll
0x000007fefc980000 - 0x000007fefc98f000 	C:\Windows\system32\CRYPTBASE.dll
0x000007fefa040000 - 0x000007fefa058000 	C:\Windows\system32\dhcpcsvc.DLL
0x000007fef9fb0000 - 0x000007fef9fc1000 	C:\Windows\system32\dhcpcsvc6.DLL

dbghelp: loaded successfully - version: 4.0.5 - missing functions: none
symbol engine: initialized successfully - sym options: 0x614 - pdb path: .;C:\Program Files\Java\jdk-11.0.4\bin;C:\Windows\SYSTEM32;C:\Windows\WinSxS\amd64_microsoft.windows.common-controls_6595b64144ccf1df_6.0.7601.18837_none_fa3b1e3d17594757;C:\Program Files\Java\jdk-11.0.4\bin\server

VM Arguments:
jvm_args: -Dcom.sun.management.jmxremote -Dcom.sun.management.jmxremote.port=65224 -Dcom.sun.management.jmxremote.authenticate=false -Dcom.sun.management.jmxremote.ssl=false -Djava.rmi.server.hostname=localhost -Dspring.jmx.enabled=true -Dspring.application.admin.enabled=true -Xverify:none -XX:TieredStopAtLevel=1 -Dfile.encoding=UTF-8 
java_command: com.example.cursomcsozinho.CursomcSozinhoApplication --spring.output.ansi.enabled=always
java_class_path (initial): C:\Users\Livia\Documents\workspace-spring-tool-suite-4-4.3.2.RELEASE\cursomc-sozinho\target\classes;C:\Users\Livia\.m2\repository\org\springframework\boot\spring-boot-starter-web\2.2.0.RELEASE\spring-boot-starter-web-2.2.0.RELEASE.jar;C:\Users\Livia\.m2\repository\org\springframework\boot\spring-boot-starter\2.2.0.RELEASE\spring-boot-starter-2.2.0.RELEASE.jar;C:\Users\Livia\.m2\repository\org\springframework\boot\spring-boot-starter-logging\2.2.0.RELEASE\spring-boot-starter-logging-2.2.0.RELEASE.jar;C:\Users\Livia\.m2\repository\ch\qos\logback\logback-classic\1.2.3\logback-classic-1.2.3.jar;C:\Users\Livia\.m2\repository\ch\qos\logback\logback-core\1.2.3\logback-core-1.2.3.jar;C:\Users\Livia\.m2\repository\org\apache\logging\log4j\log4j-to-slf4j\2.12.1\log4j-to-slf4j-2.12.1.jar;C:\Users\Livia\.m2\repository\org\apache\logging\log4j\log4j-api\2.12.1\log4j-api-2.12.1.jar;C:\Users\Livia\.m2\repository\org\slf4j\jul-to-slf4j\1.7.28\jul-to-slf4j-1.7.28.jar;C:\Users\Livia\.m2\repository\jakarta\annotation\jakarta.annotation-api\1.3.5\jakarta.annotation-api-1.3.5.jar;C:\Users\Livia\.m2\repository\org\yaml\snakeyaml\1.25\snakeyaml-1.25.jar;C:\Users\Livia\.m2\repository\org\springframework\boot\spring-boot-starter-json\2.2.0.RELEASE\spring-boot-starter-json-2.2.0.RELEASE.jar;C:\Users\Livia\.m2\repository\com\fasterxml\jackson\datatype\jackson-datatype-jdk8\2.10.0\jackson-datatype-jdk8-2.10.0.jar;C:\Users\Livia\.m2\repository\com\fasterxml\jackson\datatype\jackson-datatype-jsr310\2.10.0\jackson-datatype-jsr310-2.10.0.jar;C:\Users\Livia\.m2\repository\com\fasterxml\jackson\module\jackson-module-parameter-names\2.10.0\jackson-module-parameter-names-2.10.0.jar;C:\Users\Livia\.m2\repository\org\springframework\boot\spring-boot-starter-tomcat\2.2.0.RELEASE\spring-boot-starter-tomcat-2.2.0.RELEASE.jar;C:\Users\Livia\.m2\repository\org\apache\tomcat\embed\tomcat-embed-core\9.0.27\tomcat-embed-core-9.0.27.jar;C:\Users\Livia\.m2\repository\org\apache\tomcat
Launcher Type: SUN_STANDARD

[Global flags]
     bool BytecodeVerificationLocal                = false                                     {product} {command line}
     bool BytecodeVerificationRemote               = false                                     {product} {command line}
     intx CICompilerCount                          = 3                                         {product} {ergonomic}
     uint ConcGCThreads                            = 1                                         {product} {ergonomic}
     uint G1ConcRefinementThreads                  = 4                                         {product} {ergonomic}
   size_t G1HeapRegionSize                         = 1048576                                   {product} {ergonomic}
    uintx GCDrainStackTargetSize                   = 64                                        {product} {ergonomic}
   size_t InitialHeapSize                          = 67108864                                  {product} {ergonomic}
     bool ManagementServer                         = true                                      {product} {command line}
   size_t MarkStackSize                            = 4194304                                   {product} {ergonomic}
   size_t MaxHeapSize                              = 1050673152                                {product} {ergonomic}
   size_t MaxNewSize                               = 630194176                                 {product} {ergonomic}
   size_t MinHeapDeltaBytes                        = 1048576                                   {product} {ergonomic}
    uintx NonNMethodCodeHeapSize                   = 6973028                                {pd product} {ergonomic}
    uintx NonProfiledCodeHeapSize                  = 244685212                              {pd product} {ergonomic}
    uintx ProfiledCodeHeapSize                     = 0                                      {pd product} {ergonomic}
    uintx ReservedCodeCacheSize                    = 251658240                              {pd product} {ergonomic}
     bool SegmentedCodeCache                       = true                                      {product} {ergonomic}
     intx TieredStopAtLevel                        = 1                                         {product} {command line}
     bool UseCompressedClassPointers               = true                                 {lp64_product} {ergonomic}
     bool UseCompressedOops                        = true                                 {lp64_product} {ergonomic}
     bool UseG1GC                                  = true                                      {product} {ergonomic}
     bool UseLargePagesIndividualAllocation        = false                                  {pd product} {ergonomic}

Logging:
Log output configuration:
 #0: stdout all=warning uptime,level,tags
 #1: stderr all=off uptime,level,tags

Environment Variables:
PATH=C:/Program Files/Java/jre1.8.0_231/bin/server;C:/Program Files/Java/jre1.8.0_231/bin;C:/Program Files/Java/jre1.8.0_231/lib/amd64;C:\Program Files (x86)\Common Files\Oracle\Java\javapath;C:\xampp\mysql\bin;C:\Program Files\Java\jdk-12.0.1\bin;C:\Program Files\heroku\bin;C:\Program Files\sts-4.3.2.RELEASE;
USERNAME=Livia
OS=Windows_NT
PROCESSOR_IDENTIFIER=Intel64 Family 6 Model 69 Stepping 1, GenuineIntel



---------------  S Y S T E M  ---------------

OS: Windows 7 , 64 bit Build 7601 (6.1.7601.24335)

CPU:total 4 (initial active 4) (2 cores per cpu, 2 threads per core) family 6 model 69 stepping 1, cmov, cx8, fxsr, mmx, sse, sse2, sse3, ssse3, sse4.1, sse4.2, popcnt, avx, avx2, aes, clmul, erms, lzcnt, ht, tsc, tscinvbit, bmi1, bmi2, fma

Memory: 4k page, system-wide physical 4000M (438M free)
TotalPageFile size 7998M (AvailPageFile size 2776M)
current process WorkingSet (physical memory assigned to process): 77M, peak: 77M
current process commit charge ("private bytes"): 156M, peak: 156M

vm_info: Java HotSpot(TM) 64-Bit Server VM (11.0.4+10-LTS) for windows-amd64 JRE (11.0.4+10-LTS), built on Jul  4 2019 16:28:13 by "mach5one" with MS VC++ 15.5 (VS2017)

END.
